<?xml version="1.0" encoding="UTF-8"?>
<!-- Generated by org.testng.reporters.JUnitReportReporter -->
<testsuite hostname="DESKTOP-IBFU12I" failures="0" tests="4" name="Basic_Automation.Looping_TestNG" time="3.558" errors="0" timestamp="2022-08-29T19:59:33 EDT" skipped="1">
  <testcase classname="Basic_Automation.Looping_TestNG" name="Adult_Selection" time="0.362"/>
  <system-out/>
  <testcase classname="Basic_Automation.Looping_TestNG" name="Child_Selection" time="3.166"/>
  <system-out/>
  <testcase classname="Basic_Automation.Looping_TestNG" name="Asserting_Adult_Child" time="0.030"/>
  <system-out/>
  <testcase classname="Basic_Automation.Looping_TestNG" name="Invocation_threadpool">
    <skipped/>
  </testcase> <!-- Invocation_threadpool -->
  <system-out/>
</testsuite> <!-- Basic_Automation.Looping_TestNG -->
