<?xml version="1.0" encoding="UTF-8"?>
<!-- Generated by org.testng.reporters.JUnitReportReporter -->
<testsuite hostname="DESKTOP-IBFU12I" failures="0" tests="2" name="Basic_Automation.Autocomplete_input_Field" time="56.482" errors="0" timestamp="2022-08-29T19:55:16 EDT" skipped="0">
  <testcase classname="Basic_Automation.Autocomplete_input_Field" name="AutoComplete" time="54.835"/>
  <system-out/>
  <testcase classname="Basic_Automation.Autocomplete_input_Field" name="uploading_files" time="1.647"/>
  <system-out/>
</testsuite> <!-- Basic_Automation.Autocomplete_input_Field -->
