<?xml version="1.0" encoding="UTF-8"?>
<!-- Generated by org.testng.reporters.JUnitReportReporter -->
<testsuite hostname="DESKTOP-IBFU12I" failures="0" tests="1" name="Basic_Automation.Nested_Frame_Handling" time="0.238" errors="0" timestamp="2022-08-29T19:59:33 EDT" skipped="0">
  <testcase classname="Basic_Automation.Nested_Frame_Handling" name="Logging_in" time="0.238"/>
  <system-out/>
</testsuite> <!-- Basic_Automation.Nested_Frame_Handling -->
