<?xml version="1.0" encoding="UTF-8"?>
<!-- Generated by org.testng.reporters.JUnitReportReporter -->
<testsuite hostname="DESKTOP-IBFU12I" failures="0" tests="17" name="testNG_Practice.day2" time="12.087" errors="0" timestamp="2022-01-08T13:48:49 EST" skipped="0">
  <testcase classname="testNG_Practice.day2" name="openbrowser" time="0.654"/>
  <system-out/>
  <testcase classname="testNG_Practice.day2" name="MrRadio" time="4.164"/>
  <system-out/>
  <testcase classname="testNG_Practice.day2" name="signin" time="0.853"/>
  <system-out/>
  <testcase classname="testNG_Practice.day2" name="email" time="0.157"/>
  <system-out/>
  <testcase classname="testNG_Practice.day2" name="createAccount" time="4.093"/>
  <system-out/>
  <testcase classname="testNG_Practice.day2" name="firstname" time="0.205"/>
  <system-out/>
  <testcase classname="testNG_Practice.day2" name="lastname" time="0.246"/>
  <system-out/>
  <testcase classname="testNG_Practice.day2" name="lastname" time="0.163"/>
  <system-out/>
  <testcase classname="testNG_Practice.day2" name="lastname" time="0.155"/>
  <system-out/>
  <testcase classname="testNG_Practice.day2" name="lastname" time="0.187"/>
  <system-out/>
  <testcase classname="testNG_Practice.day2" name="lastname" time="0.168"/>
  <system-out/>
  <testcase classname="testNG_Practice.day2" name="lastname" time="0.167"/>
  <system-out/>
  <testcase classname="testNG_Practice.day2" name="lastname" time="0.182"/>
  <system-out/>
  <testcase classname="testNG_Practice.day2" name="lastname" time="0.177"/>
  <system-out/>
  <testcase classname="testNG_Practice.day2" name="lastname" time="0.202"/>
  <system-out/>
  <testcase classname="testNG_Practice.day2" name="lastname" time="0.196"/>
  <system-out/>
  <testcase classname="testNG_Practice.day2" name="password" time="0.118"/>
  <system-out/>
</testsuite> <!-- testNG_Practice.day2 -->
