<?xml version="1.0" encoding="UTF-8"?>
<!-- Generated by org.testng.reporters.JUnitReportReporter -->
<testsuite hostname="DESKTOP-IBFU12I" failures="0" tests="4" name="TestNGPractice.Day1" time="2.599" errors="0" timestamp="2022-01-07T23:08:02 EST" skipped="0">
  <testcase classname="TestNGPractice.Day1" name="openbrowser" time="1.132"/>
  <system-out/>
  <testcase classname="TestNGPractice.Day1" name="signin" time="1.367"/>
  <system-out/>
  <testcase classname="TestNGPractice.Day1" name="email" time="0.056"/>
  <system-out/>
  <testcase classname="TestNGPractice.Day1" name="createAccount" time="0.044"/>
  <system-out/>
</testsuite> <!-- TestNGPractice.Day1 -->
