<?xml version="1.0" encoding="UTF-8"?>
<!-- Generated by org.testng.reporters.JUnitReportReporter -->
<testsuite hostname="DESKTOP-IBFU12I" failures="0" tests="4" name="TestNGPractice.Day2" time="2.719" errors="0" timestamp="2021-12-23T16:43:57 EST" skipped="0">
  <testcase classname="TestNGPractice.Day2" name="openbrowser" time="1.254"/>
  <system-out/>
  <testcase classname="TestNGPractice.Day2" name="signin" time="1.287"/>
  <system-out/>
  <testcase classname="TestNGPractice.Day2" name="email" time="0.113"/>
  <system-out/>
  <testcase classname="TestNGPractice.Day2" name="createAccount" time="0.065"/>
  <system-out/>
</testsuite> <!-- TestNGPractice.Day2 -->
