<?xml version="1.0" encoding="UTF-8"?>
<!-- Generated by org.testng.reporters.JUnitReportReporter -->
<testsuite hostname="DESKTOP-IBFU12I" failures="0" tests="1" name="TestNGPractice.VerifytitleTest" time="3.446" errors="0" timestamp="2022-01-07T13:25:07 EST" skipped="0">
  <testcase classname="TestNGPractice.VerifytitleTest" name="titleTest" time="3.446"/>
  <system-out/>
</testsuite> <!-- TestNGPractice.VerifytitleTest -->
