<?xml version="1.0" encoding="UTF-8"?>
<!-- Generated by org.testng.reporters.JUnitReportReporter -->
<testsuite hostname="DESKTOP-IBFU12I" failures="0" tests="1" name="Page_Object_MODEL.verifyFlightRegTest" time="2.420" errors="0" timestamp="2022-08-30T17:46:41 EDT" skipped="0">
  <testcase classname="Page_Object_MODEL.verifyFlightRegTest" name="verifyFllightRegistration" time="2.420"/>
  <system-out/>
</testsuite> <!-- Page_Object_MODEL.verifyFlightRegTest -->
