<?xml version="1.0" encoding="UTF-8"?>
<!-- Generated by org.testng.reporters.JUnitReportReporter -->
<testsuite hostname="DESKTOP-IBFU12I" failures="0" tests="4" name="Automation_Practice.Practice_CSS" time="0.400" errors="0" timestamp="2023-01-02T00:07:25 EST" skipped="1">
  <testcase classname="Automation_Practice.Practice_CSS" name="Adult_Selection" time="0.293"/>
  <system-out/>
  <testcase classname="Automation_Practice.Practice_CSS" name="Child_Selection" time="0.086"/>
  <system-out/>
  <testcase classname="Automation_Practice.Practice_CSS" name="Adult_Child_Assertion" time="0.021"/>
  <system-out/>
  <testcase classname="Automation_Practice.Practice_CSS" name="Invocation_threadpool">
    <skipped/>
  </testcase> <!-- Invocation_threadpool -->
  <system-out/>
</testsuite> <!-- Automation_Practice.Practice_CSS -->
