<?xml version="1.0" encoding="UTF-8"?>
<!-- Generated by org.testng.reporters.JUnitReportReporter -->
<testsuite hostname="DESKTOP-IBFU12I" failures="0" tests="1" name="POM_Test.verifyFlightReg" time="2.476" errors="0" timestamp="2022-08-30T13:45:17 EDT" skipped="0">
  <testcase classname="POM_Test.verifyFlightReg" name="verifyFllightRegistration" time="2.476"/>
  <system-out/>
</testsuite> <!-- POM_Test.verifyFlightReg -->
