<?xml version="1.0" encoding="UTF-8"?>
<!-- Generated by org.testng.reporters.JUnitReportReporter -->
<testsuite hostname="DESKTOP-IBFU12I" failures="0" tests="2" name="POM_PageFactory.RegistrationTest2" time="1.179" errors="0" timestamp="2022-08-30T19:06:56 EDT" skipped="0">
  <testcase classname="POM_PageFactory.RegistrationTest2" name="verifyingFlightRegTest" time="0.816"/>
  <system-out/>
  <testcase classname="POM_PageFactory.RegistrationTest2" name="FinalMethod" time="0.363"/>
  <system-out/>
</testsuite> <!-- POM_PageFactory.RegistrationTest2 -->
