<?xml version="1.0" encoding="UTF-8"?>
<!-- Generated by org.testng.reporters.JUnitReportReporter -->
<testsuite hostname="DESKTOP-IBFU12I" failures="0" tests="3" name="Automation_Practice.validation" time="4.135" errors="0" timestamp="2023-01-02T00:04:29 EST" skipped="0">
  <testcase classname="Automation_Practice.validation" name="createaccount" time="0.083"/>
  <system-out/>
  <testcase classname="Automation_Practice.validation" name="SignUp" time="0.868"/>
  <system-out/>
  <testcase classname="Automation_Practice.validation" name="radiobutton" time="3.184"/>
  <system-out/>
</testsuite> <!-- Automation_Practice.validation -->
