<?xml version="1.0" encoding="UTF-8"?>
<!-- Generated by org.testng.reporters.JUnitReportReporter -->
<testsuite hostname="DESKTOP-IBFU12I" failures="0" tests="1" name="Automation_Practice.nested_Frame" time="0.259" errors="0" timestamp="2022-08-05T23:31:47 EDT" skipped="0">
  <testcase classname="Automation_Practice.nested_Frame" name="Logging_in" time="0.259"/>
  <system-out/>
</testsuite> <!-- Automation_Practice.nested_Frame -->
