<?xml version="1.0" encoding="UTF-8"?>
<!-- Generated by org.testng.reporters.JUnitReportReporter -->
<testsuite hostname="DESKTOP-IBFU12I" failures="0" tests="3" name="Automation_Practice.Upload_Files" time="0.000" errors="0" timestamp="2022-02-15T15:07:36 EST" skipped="3">
  <testcase classname="Automation_Practice.Upload_Files" name="Upload_File" time="0.000">
    <skipped/>
  </testcase> <!-- Upload_File -->
  <system-out/>
  <testcase classname="Automation_Practice.Upload_Files" name="Scrolling" time="0.000">
    <skipped/>
  </testcase> <!-- Scrolling -->
  <system-out/>
  <testcase classname="Automation_Practice.Upload_Files" name="Screenshot" time="0.000">
    <skipped/>
  </testcase> <!-- Screenshot -->
  <system-out/>
</testsuite> <!-- Automation_Practice.Upload_Files -->
