<?xml version="1.0" encoding="UTF-8"?>
<!-- Generated by org.testng.reporters.JUnitReportReporter -->
<testsuite hostname="DESKTOP-IBFU12I" failures="0" tests="2" name="automation_practice.Sprint_Day1" time="2.579" errors="0" timestamp="2022-01-16T17:17:21 EST" skipped="0">
  <testcase classname="automation_practice.Sprint_Day1" name="RunSignIn" time="1.256"/>
  <system-out/>
  <testcase classname="automation_practice.Sprint_Day1" name="RunSignIn" time="1.323"/>
  <system-out/>
</testsuite> <!-- automation_practice.Sprint_Day1 -->
