<?xml version="1.0" encoding="UTF-8"?>
<!-- Generated by org.testng.reporters.JUnitReportReporter -->
<testsuite hostname="DESKTOP-IBFU12I" failures="0" tests="2" name="com.medeanalytics.AppTest" time="0.021" errors="0" timestamp="2022-08-30T22:15:18 EDT" skipped="0">
  <testcase classname="com.medeanalytics.AppTest" name="testlogin1" time="0.020"/>
  <system-out/>
  <testcase classname="com.medeanalytics.AppTest" name="testlogin2" time="0.001"/>
  <system-out/>
</testsuite> <!-- com.medeanalytics.AppTest -->
