<?xml version="1.0" encoding="UTF-8"?>
<!-- Generated by org.testng.reporters.JUnitReportReporter -->
<testsuite hostname="DESKTOP-IBFU12I" failures="0" tests="1" name="POM_Test.Sign_In_PageFactory_Test" time="0.918" errors="0" timestamp="2023-01-17T19:42:48 EST" skipped="0">
  <testcase classname="POM_Test.Sign_In_PageFactory_Test" name="CreateAccount" time="0.918"/>
  <system-out/>
</testsuite> <!-- POM_Test.Sign_In_PageFactory_Test -->
