<?xml version="1.0" encoding="UTF-8"?>
<!-- Generated by org.testng.reporters.JUnitReportReporter -->
<testsuite hostname="DESKTOP-IBFU12I" failures="0" tests="1" name="POM_Test.Sign_In_Page_Test" time="0.837" errors="0" timestamp="2023-01-17T18:19:14 EST" skipped="0">
  <testcase classname="POM_Test.Sign_In_Page_Test" name="CreateAccount" time="0.837"/>
  <system-out/>
</testsuite> <!-- POM_Test.Sign_In_Page_Test -->
