<?xml version="1.0" encoding="UTF-8"?>
<!-- Generated by org.testng.reporters.JUnitReportReporter -->
<testsuite hostname="DESKTOP-IBFU12I" failures="0" tests="1" name="Page_Object_Model_Test.Sign_In_Page_Test" time="0.973" errors="0" timestamp="2023-01-17T17:17:46 EST" skipped="0">
  <testcase classname="Page_Object_Model_Test.Sign_In_Page_Test" name="CreateAccount" time="0.973"/>
  <system-out/>
</testsuite> <!-- Page_Object_Model_Test.Sign_In_Page_Test -->
