<?xml version="1.0" encoding="UTF-8"?>
<!-- Generated by org.testng.reporters.JUnitReportReporter -->
<testsuite hostname="DESKTOP-IBFU12I" failures="0" tests="8" name="January.TestNG" time="5.164" errors="0" timestamp="2023-01-17T15:17:07 EST" skipped="0">
  <testcase classname="January.TestNG" name="OpenBrowser" time="1.907"/>
  <system-out/>
  <testcase classname="January.TestNG" name="OpenBrowser" time="1.907"/>
  <system-out/>
  <testcase classname="January.TestNG" name="OpenBrowser" time="0.220"/>
  <system-out/>
  <testcase classname="January.TestNG" name="CreateAccount" time="0.484"/>
  <system-out/>
  <testcase classname="January.TestNG" name="DateOfBirthDropDown" time="0.168"/>
  <system-out/>
  <testcase classname="January.TestNG" name="Day" time="0.214"/>
  <system-out/>
  <testcase classname="January.TestNG" name="Year" time="0.221"/>
  <system-out/>
  <testcase classname="January.TestNG" name="Gender" time="0.043"/>
  <system-out/>
</testsuite> <!-- January.TestNG -->
