<?xml version="1.0" encoding="UTF-8"?>
<!-- Generated by org.testng.reporters.JUnitReportReporter -->
<testsuite hostname="DESKTOP-IBFU12I" failures="0" tests="2" name="com.medeanalytics.AppTest" time="0.007" errors="0" timestamp="2022-08-30T23:07:03 EDT" skipped="0">
  <testcase classname="com.medeanalytics.AppTest" name="testlogin2" time="0.000"/>
  <system-out/>
  <testcase classname="com.medeanalytics.AppTest" name="testlogin1" time="0.007"/>
  <system-out/>
</testsuite> <!-- com.medeanalytics.AppTest -->
